SF:lib/l10n/app_localizations.dart
DA:5,2
DA:32,1
DA:33,1
DA:36,6
DA:38,1
DA:39,2
DA:40,1
DA:41,1
DA:42,4
DA:43,1
DA:44,1
DA:45,1
DA:46,1
DA:47,2
DA:48,4
DA:49,4
DA:50,1
DA:51,1
DA:52,2
DA:53,0
DA:54,0
DA:55,0
DA:56,0
DA:57,0
DA:58,0
DA:59,0
DA:60,0
DA:61,2
DA:62,0
DA:63,0
DA:64,0
DA:65,0
DA:66,0
DA:67,0
DA:68,1
DA:69,2
DA:70,1
DA:71,0
DA:72,1
DA:73,1
DA:74,1
DA:75,1
DA:76,1
DA:77,1
DA:78,2
DA:79,1
DA:80,1
DA:81,1
DA:82,1
DA:83,1
DA:84,1
DA:85,1
DA:86,2
DA:87,1
DA:88,1
DA:89,1
DA:90,1
DA:91,1
DA:92,1
DA:93,1
DA:94,1
DA:95,1
DA:96,1
DA:97,1
DA:98,1
DA:99,1
DA:100,1
DA:101,1
DA:102,1
DA:103,1
DA:104,1
DA:105,1
DA:106,1
DA:107,1
DA:108,1
DA:109,1
DA:110,1
DA:111,1
DA:112,1
DA:113,1
DA:114,1
DA:115,1
DA:116,1
DA:117,2
DA:118,0
DA:119,1
DA:120,1
DA:121,0
DA:122,0
DA:123,0
DA:124,0
DA:125,0
DA:126,0
DA:127,1
DA:128,1
DA:129,1
DA:130,1
DA:131,1
DA:132,1
DA:133,1
DA:134,1
DA:135,1
DA:136,2
DA:137,1
DA:138,1
DA:139,1
DA:141,0
DA:142,0
DA:143,0
DA:144,0
DA:145,1
DA:146,0
DA:147,0
DA:148,1
DA:149,2
DA:154,1
DA:156,1
DA:159,5
DA:162,2
DA:164,2
DA:165,4
DA:166,2
DA:168,4
DA:170,2
DA:173,0
DA:176,2
DA:177,2
DA:178,2
DA:179,2
DA:180,1
DA:183,1
DA:184,1
DA:185,1
DA:186,1
DA:187,1
DA:199,1
DA:202,2
DA:205,6
DA:206,2
DA:212,2
DA:213,2
DA:214,4
DA:215,2
DA:216,6
DA:219,2
DA:220,2
DA:221,4
DA:222,6
DA:223,4
LF:149
LH:120
end_of_record
SF:lib/utils/http_utils.dart
DA:13,1
DA:15,1
DA:18,1
DA:20,2
DA:21,2
DA:23,0
DA:27,1
DA:29,1
DA:31,1
DA:32,0
DA:33,1
DA:38,2
DA:39,2
DA:41,0
DA:42,0
DA:46,0
DA:49,0
DA:51,0
DA:52,0
DA:54,0
DA:58,2
DA:60,2
DA:68,4
DA:69,2
DA:70,6
DA:71,1
DA:72,3
DA:74,4
DA:75,0
DA:77,4
DA:79,0
DA:80,0
DA:84,2
DA:86,2
DA:87,2
DA:89,1
DA:91,2
DA:92,2
DA:93,1
DA:96,3
DA:97,1
DA:98,7
DA:104,2
DA:111,2
DA:112,2
DA:113,2
DA:114,2
DA:115,2
DA:116,2
DA:119,3
DA:122,2
DA:124,4
DA:125,4
DA:129,2
DA:130,0
DA:134,1
DA:135,1
DA:136,2
DA:141,3
DA:142,0
DA:144,0
DA:147,2
DA:150,3
DA:151,0
DA:155,0
DA:158,0
DA:161,2
DA:162,2
DA:163,2
DA:166,2
DA:167,1
DA:168,0
DA:171,1
DA:172,4
DA:174,1
DA:175,1
DA:176,2
DA:177,0
DA:181,0
DA:185,1
DA:188,2
DA:189,4
DA:190,6
DA:191,4
DA:192,2
DA:193,4
DA:194,4
DA:195,1
DA:197,2
DA:202,1
DA:203,1
DA:204,2
DA:205,1
DA:206,1
DA:207,1
DA:208,1
DA:209,2
DA:210,3
DA:211,2
DA:216,1
DA:217,4
DA:218,2
DA:219,2
DA:220,0
DA:225,2
DA:227,2
DA:231,0
DA:232,0
DA:233,0
DA:234,0
LF:110
LH:84
end_of_record
SF:lib/utils/utils.dart
DA:12,7
DA:13,7
DA:16,0
DA:17,0
DA:19,0
DA:23,0
DA:24,0
DA:25,0
DA:28,0
DA:31,0
DA:32,0
DA:33,0
DA:38,5
DA:39,5
DA:40,4
DA:44,3
DA:45,3
DA:46,6
DA:48,3
DA:49,9
DA:50,9
DA:51,3
DA:54,5
DA:55,9
DA:58,6
DA:59,12
DA:62,1
DA:64,1
DA:65,1
DA:66,1
DA:67,0
DA:71,1
DA:72,1
DA:75,1
DA:76,1
DA:79,0
DA:80,0
DA:83,0
DA:84,0
DA:86,0
DA:87,0
DA:89,0
DA:92,0
DA:93,0
DA:94,0
DA:97,2
DA:98,6
DA:101,4
DA:102,8
LF:49
LH:28
end_of_record
SF:lib/rip_manager.dart
DA:14,2
DA:30,4
DA:31,4
DA:32,4
DA:33,4
DA:34,1
DA:35,3
DA:36,2
DA:37,6
DA:38,1
DA:39,3
DA:40,1
DA:42,4
DA:43,2
DA:44,1
DA:45,1
DA:48,2
DA:49,4
DA:50,2
DA:53,1
DA:54,2
DA:55,1
DA:56,1
DA:57,1
DA:61,0
DA:62,0
DA:63,0
DA:64,0
DA:68,1
DA:69,4
DA:70,4
DA:71,2
DA:72,2
DA:73,1
DA:76,1
DA:77,2
DA:78,1
DA:81,1
DA:82,2
DA:83,1
DA:86,1
DA:87,2
DA:88,1
DA:89,1
DA:92,1
DA:93,2
DA:94,1
DA:95,1
DA:99,1
DA:100,2
DA:101,1
DA:103,1
DA:105,0
DA:106,0
DA:110,3
DA:111,1
DA:112,0
DA:113,0
DA:114,0
DA:118,2
DA:119,4
DA:120,2
DA:121,4
DA:123,1
DA:124,2
DA:125,2
DA:126,3
DA:131,2
DA:133,0
DA:135,2
DA:136,1
DA:140,1
DA:141,2
DA:142,1
DA:145,1
DA:146,4
DA:147,2
DA:148,1
DA:151,0
DA:152,0
DA:153,0
DA:154,0
DA:157,1
DA:158,2
DA:159,2
DA:160,1
DA:163,1
DA:164,4
DA:165,2
DA:166,2
DA:167,1
DA:170,1
DA:171,1
DA:173,2
DA:175,0
DA:176,0
DA:180,0
DA:181,0
DA:190,2
DA:192,4
DA:193,2
DA:194,2
DA:195,4
DA:198,1
DA:199,1
DA:200,2
DA:201,2
DA:202,3
DA:203,1
DA:204,2
DA:205,0
DA:207,1
LF:112
LH:93
end_of_record
SF:lib/ripper/abstract_ripper.dart
DA:18,1
DA:28,0
DA:38,9
DA:40,10
DA:42,2
DA:43,2
DA:46,6
DA:48,0
DA:49,0
DA:50,0
DA:51,0
DA:55,0
DA:56,0
DA:57,0
DA:58,0
DA:59,0
DA:68,0
DA:69,0
DA:72,3
DA:73,9
DA:78,1
DA:79,1
DA:80,2
DA:82,1
DA:83,2
DA:85,1
DA:86,2
DA:87,1
DA:88,1
DA:89,1
DA:90,1
DA:91,1
DA:92,1
DA:93,1
DA:98,4
DA:101,2
DA:105,2
DA:107,2
DA:108,4
DA:112,3
DA:113,2
DA:117,1
DA:118,1
DA:119,2
DA:120,2
DA:121,1
DA:125,1
DA:126,1
DA:127,1
DA:131,1
DA:133,1
DA:134,1
DA:135,2
DA:136,1
DA:137,2
DA:138,1
DA:142,2
DA:143,1
DA:144,1
DA:145,1
DA:147,1
DA:148,2
DA:150,0
DA:154,1
DA:155,3
DA:156,3
DA:157,4
DA:160,1
DA:161,1
DA:168,1
DA:169,1
DA:170,4
DA:171,3
DA:172,2
DA:173,0
DA:175,3
DA:178,1
DA:179,2
DA:182,2
DA:184,2
DA:185,2
DA:187,2
DA:188,2
DA:189,8
DA:191,6
DA:193,8
DA:196,1
DA:197,1
DA:199,2
DA:200,1
DA:202,2
DA:204,1
DA:208,1
DA:209,2
LF:94
LH:80
end_of_record
SF:lib/ui/rip_status_message.dart
DA:17,3
DA:19,0
DA:21,0
LF:3
LH:1
end_of_record
SF:lib/ripper/rippers/artstn_ripper.dart
DA:6,2
DA:10,1
DA:11,2
DA:13,0
DA:15,0
DA:16,0
DA:18,0
DA:20,0
DA:23,0
DA:24,0
DA:27,0
DA:29,0
DA:30,0
DA:31,0
DA:33,0
DA:34,0
DA:35,0
DA:37,0
DA:39,0
DA:43,1
DA:44,3
DA:47,1
LF:22
LH:6
end_of_record
SF:lib/ripper/rippers/artstation_ripper.dart
DA:17,2
DA:24,1
DA:28,2
DA:38,0
DA:41,0
DA:42,0
DA:44,0
DA:46,0
DA:47,0
DA:49,0
DA:50,0
DA:51,0
DA:52,0
DA:53,0
DA:54,0
DA:55,0
DA:56,0
DA:57,0
DA:58,0
DA:59,0
DA:63,0
DA:65,0
DA:66,0
DA:67,0
DA:68,0
DA:69,0
DA:71,0
DA:72,0
DA:74,0
DA:75,0
DA:76,0
DA:80,0
DA:83,0
DA:85,0
DA:86,0
DA:87,0
DA:88,0
DA:89,0
DA:91,0
DA:92,0
DA:93,0
DA:95,0
DA:96,0
DA:97,0
DA:100,0
DA:101,0
DA:102,0
DA:105,0
DA:106,0
DA:110,0
DA:112,0
DA:113,0
DA:114,0
DA:115,0
DA:116,0
DA:117,0
DA:118,0
DA:119,0
DA:121,0
DA:124,0
DA:127,0
DA:129,0
DA:130,0
DA:131,0
DA:133,0
DA:138,0
DA:141,1
DA:142,2
DA:144,1
DA:145,1
DA:147,2
DA:152,2
DA:154,1
DA:155,1
DA:157,2
DA:162,6
DA:163,2
DA:164,1
DA:166,2
DA:174,1
DA:175,1
DA:176,2
DA:177,1
DA:178,1
DA:181,1
DA:182,4
DA:183,3
DA:184,4
DA:185,1
DA:188,1
DA:189,4
DA:194,1
DA:195,2
DA:196,2
DA:202,1
DA:203,2
DA:204,2
DA:205,2
DA:209,0
DA:210,0
DA:211,0
DA:212,0
DA:213,0
DA:216,0
DA:217,0
LF:105
LH:35
end_of_record
SF:lib/ripper/abstract_video_ripper.dart
DA:15,1
DA:24,1
DA:26,1
DA:28,3
DA:30,2
DA:31,1
DA:32,6
DA:34,1
DA:35,1
DA:37,1
DA:38,1
DA:41,0
DA:43,3
DA:46,1
DA:51,1
DA:52,1
DA:53,1
DA:55,2
DA:59,1
DA:60,1
DA:61,2
DA:62,2
DA:64,3
DA:65,3
DA:67,1
DA:68,2
DA:71,1
DA:72,2
DA:73,1
DA:76,1
DA:77,1
DA:80,2
DA:81,3
DA:82,1
DA:83,3
DA:85,3
DA:87,1
DA:89,1
DA:95,1
DA:97,1
DA:99,2
DA:100,3
DA:101,3
DA:102,1
DA:104,3
DA:105,1
DA:106,1
DA:107,3
DA:108,2
DA:109,1
DA:111,1
DA:112,1
DA:114,1
DA:121,0
DA:123,0
DA:124,0
DA:126,0
DA:127,0
DA:129,0
DA:131,0
DA:132,0
DA:137,1
DA:138,2
DA:140,2
DA:142,0
DA:143,0
LF:66
LH:55
end_of_record
SF:lib/ripper/ripper_factory.dart
DA:11,1
DA:12,2
DA:13,2
DA:14,2
DA:15,2
DA:16,2
DA:17,1
DA:18,1
DA:19,1
DA:22,1
DA:23,1
LF:11
LH:11
end_of_record
SF:lib/ripper/ripper_migration_catalog.dart
DA:5,1
DA:165,2
DA:166,2
DA:167,4
DA:169,1
DA:170,2
DA:171,2
DA:172,1
DA:177,3
DA:178,4
DA:179,1
DA:181,1
DA:188,1
DA:189,3
DA:192,1
DA:193,2
DA:196,1
DA:197,3
LF:18
LH:18
end_of_record
SF:lib/ripper/rippers/allporncomic_ripper.dart
DA:6,2
DA:8,3
DA:10,2
DA:11,1
DA:13,1
DA:16,1
DA:17,2
DA:19,1
DA:21,1
DA:22,2
DA:24,3
DA:27,2
DA:29,1
DA:32,0
DA:33,0
DA:36,1
DA:39,1
DA:40,4
DA:41,3
DA:42,1
DA:45,0
DA:48,1
DA:51,1
DA:52,3
DA:54,1
DA:57,1
DA:58,4
DA:59,3
DA:60,1
LF:29
LH:26
end_of_record
SF:lib/ripper/rippers/reddit_ripper.dart
DA:24,1
DA:38,1
DA:46,6
DA:52,0
DA:55,0
DA:56,0
DA:58,2
DA:59,2
DA:60,4
DA:63,1
DA:65,1
DA:66,1
DA:68,1
DA:70,1
DA:71,2
DA:73,1
DA:75,1
DA:76,2
DA:79,1
DA:80,1
DA:81,2
DA:83,1
DA:84,1
DA:85,2
DA:87,0
DA:88,0
DA:91,0
DA:93,0
DA:94,0
DA:95,0
DA:96,0
DA:97,0
DA:98,0
DA:99,0
DA:100,0
DA:101,0
DA:102,0
DA:103,0
DA:104,0
DA:105,0
DA:106,0
DA:107,0
DA:108,0
DA:109,0
DA:110,0
DA:114,0
DA:115,0
DA:119,0
DA:120,0
DA:121,0
DA:122,0
DA:123,0
DA:124,0
DA:125,0
DA:127,0
DA:128,0
DA:130,0
DA:131,0
DA:135,1
DA:136,1
DA:138,1
DA:139,2
DA:141,3
DA:144,2
DA:145,0
DA:146,1
DA:147,2
DA:150,1
DA:151,1
DA:152,2
DA:153,2
DA:154,2
DA:155,2
DA:156,1
DA:157,1
DA:163,1
DA:164,1
DA:165,2
DA:166,2
DA:171,1
DA:172,1
DA:173,1
DA:174,2
DA:175,2
DA:176,3
DA:177,1
DA:180,6
DA:182,2
DA:183,2
DA:184,1
DA:185,5
DA:188,2
DA:189,1
DA:191,3
DA:193,1
DA:198,0
DA:199,0
DA:200,0
DA:202,0
DA:203,0
DA:204,0
DA:207,0
DA:209,0
DA:214,1
DA:215,1
DA:216,1
DA:218,1
DA:219,1
DA:220,2
DA:221,2
DA:223,2
DA:227,1
DA:228,0
DA:229,0
DA:230,1
DA:231,2
DA:232,2
DA:233,2
DA:234,2
DA:235,0
DA:236,0
DA:238,2
DA:240,2
DA:245,1
DA:246,1
DA:247,0
DA:248,0
DA:249,0
DA:250,0
DA:258,0
DA:260,0
DA:261,0
DA:262,0
DA:263,0
DA:264,0
DA:265,0
DA:267,0
DA:272,1
DA:274,1
DA:277,2
DA:278,1
DA:279,1
DA:280,1
DA:283,1
DA:284,1
DA:285,1
DA:287,1
DA:292,1
DA:293,4
DA:294,2
DA:295,1
DA:296,1
DA:299,2
DA:304,0
DA:305,0
DA:307,0
DA:308,0
DA:312,0
DA:317,0
DA:318,0
DA:319,0
DA:320,0
DA:321,0
DA:322,0
DA:323,0
DA:324,0
DA:332,1
DA:333,2
DA:335,1
DA:336,3
DA:337,1
DA:338,3
DA:339,1
DA:343,1
DA:345,0
DA:346,0
DA:347,0
DA:348,0
DA:349,0
DA:355,2
DA:357,0
DA:358,0
DA:364,1
DA:366,0
DA:367,0
DA:373,2
DA:374,2
DA:376,0
DA:377,0
DA:383,2
DA:385,0
DA:386,0
DA:387,0
DA:388,0
DA:390,0
DA:392,0
DA:401,1
DA:402,2
DA:403,2
DA:404,1
DA:405,3
DA:406,3
DA:407,0
DA:408,1
DA:409,1
DA:415,1
DA:416,1
DA:417,1
DA:418,2
DA:419,2
DA:421,2
DA:422,1
DA:427,1
DA:428,1
DA:429,1
DA:431,2
DA:432,2
DA:433,1
DA:434,2
DA:436,3
DA:437,1
DA:442,1
DA:443,1
DA:444,2
DA:445,4
DA:446,1
DA:447,1
DA:449,2
DA:450,3
DA:451,1
DA:453,2
DA:454,3
DA:455,1
DA:460,1
DA:462,2
DA:463,1
DA:464,3
DA:466,0
DA:467,0
DA:468,0
DA:471,0
DA:475,2
DA:476,0
DA:477,0
DA:481,0
DA:485,1
DA:486,1
DA:488,1
DA:493,0
DA:494,0
DA:495,0
DA:496,0
DA:497,0
DA:498,0
DA:499,0
DA:500,0
DA:505,1
DA:507,1
DA:508,2
DA:510,1
DA:511,3
DA:512,2
DA:513,1
DA:514,1
DA:515,2
DA:516,1
DA:517,1
DA:518,3
DA:519,1
DA:520,1
DA:521,1
DA:522,2
DA:523,1
DA:524,1
DA:531,1
DA:533,2
DA:534,2
DA:535,2
DA:536,2
DA:537,2
DA:538,0
DA:540,0
DA:541,2
DA:542,1
DA:543,2
DA:545,1
DA:546,1
DA:547,1
DA:548,1
DA:549,1
DA:551,3
DA:552,3
DA:553,1
DA:555,1
DA:577,1
DA:581,1
DA:582,2
DA:583,1
DA:584,2
DA:585,1
DA:586,2
DA:587,1
DA:588,2
DA:590,1
DA:591,1
DA:593,1
DA:594,2
DA:595,1
DA:597,3
DA:598,3
DA:599,1
DA:600,1
DA:601,1
DA:605,2
DA:606,1
DA:607,3
DA:608,1
DA:612,1
DA:613,2
DA:616,1
DA:618,1
DA:620,3
DA:621,1
DA:622,1
DA:625,0
DA:627,0
DA:628,0
DA:635,1
DA:636,1
DA:637,1
DA:638,1
DA:640,3
DA:641,3
DA:643,1
DA:644,3
DA:647,1
DA:648,3
DA:651,1
DA:653,1
DA:655,2
DA:657,1
DA:659,1
DA:662,1
DA:663,2
DA:664,1
DA:667,1
DA:668,1
DA:669,1
DA:670,1
DA:674,1
DA:675,1
DA:678,1
DA:679,1
DA:680,1
DA:681,1
DA:682,2
DA:685,1
DA:686,2
DA:687,1
DA:688,1
DA:689,1
DA:690,1
DA:691,1
DA:692,1
DA:693,1
DA:696,1
DA:697,1
DA:698,2
DA:699,2
DA:700,1
DA:701,1
DA:707,1
DA:708,1
DA:709,2
LF:374
LH:261
end_of_record
SF:lib/ripper/rippers/redgifs_ripper.dart
DA:13,6
DA:29,0
DA:32,0
DA:34,0
DA:35,0
DA:36,0
DA:39,2
DA:40,2
DA:41,2
DA:42,2
DA:43,2
DA:44,2
DA:45,2
DA:48,1
DA:50,1
DA:51,1
DA:53,1
DA:54,2
DA:55,1
DA:56,2
DA:57,2
DA:58,0
DA:59,0
DA:61,1
DA:62,1
DA:63,2
DA:64,1
DA:65,4
DA:66,1
DA:67,1
DA:68,1
DA:69,0
DA:70,0
DA:72,2
DA:73,1
DA:74,4
DA:78,0
DA:80,0
DA:81,0
DA:83,0
DA:84,0
DA:85,0
DA:86,0
DA:87,0
DA:88,0
DA:89,0
DA:90,0
DA:91,0
DA:92,0
DA:94,0
DA:95,0
DA:99,0
DA:101,0
DA:104,0
DA:105,0
DA:109,0
DA:110,0
DA:111,0
DA:112,0
DA:113,0
DA:114,0
DA:117,0
DA:118,0
DA:119,0
DA:120,0
DA:122,0
DA:124,0
DA:125,0
DA:127,0
DA:128,0
DA:129,0
DA:131,0
DA:134,0
DA:136,0
DA:137,0
DA:138,0
DA:139,0
DA:140,0
DA:141,0
DA:142,0
DA:144,0
DA:145,0
DA:148,0
DA:151,0
DA:152,0
DA:154,0
DA:155,0
DA:156,0
DA:157,0
DA:158,0
DA:163,0
DA:164,0
DA:165,0
DA:166,0
DA:167,0
DA:169,0
DA:171,0
DA:173,0
DA:174,0
DA:176,0
DA:182,0
DA:183,0
DA:184,0
DA:185,0
DA:187,0
DA:188,0
DA:189,0
DA:192,0
DA:193,0
DA:195,0
DA:196,0
DA:197,0
DA:198,0
DA:200,0
DA:201,0
DA:202,0
DA:204,0
DA:205,0
DA:206,0
DA:209,0
DA:210,0
DA:215,0
DA:216,0
DA:218,0
DA:219,0
DA:220,0
DA:221,0
DA:225,0
DA:228,0
DA:229,0
DA:232,0
DA:233,0
DA:234,0
DA:235,0
DA:236,0
DA:237,0
DA:240,0
DA:241,0
DA:242,0
DA:243,0
DA:246,0
DA:247,0
DA:250,1
DA:251,1
DA:252,4
DA:255,3
DA:258,4
DA:261,4
DA:264,0
DA:270,1
DA:271,2
LF:151
LH:35
end_of_record
SF:lib/ripper/unsupported_legacy_ripper.dart
DA:8,1
DA:10,0
DA:13,0
DA:15,0
DA:16,0
DA:17,0
DA:18,0
DA:22,0
DA:23,0
DA:25,0
DA:26,0
DA:28,0
DA:30,0
DA:31,0
LF:14
LH:1
end_of_record
SF:lib/ripper/rippers/imgur_ripper.dart
DA:5,2
DA:7,2
DA:10,1
DA:13,2
DA:16,2
DA:17,4
DA:19,1
DA:21,1
DA:24,1
DA:25,2
DA:26,2
DA:27,1
DA:28,2
DA:29,1
DA:35,0
LF:15
LH:14
end_of_record
SF:lib/ripper/abstract_html_ripper.dart
DA:9,4
DA:11,0
DA:13,0
DA:16,0
DA:18,0
DA:22,0
DA:23,0
DA:24,0
DA:25,0
DA:26,0
DA:28,0
DA:34,0
DA:35,0
DA:37,0
DA:38,0
DA:39,0
DA:40,0
DA:41,0
DA:42,0
DA:43,0
DA:45,0
DA:47,0
DA:49,0
DA:53,0
DA:54,0
DA:59,0
DA:64,0
DA:65,0
DA:66,0
DA:68,0
DA:70,0
DA:71,0
DA:72,0
DA:74,0
LF:34
LH:1
end_of_record
SF:lib/ripper/abstract_json_ripper.dart
DA:5,5
DA:7,0
DA:9,0
DA:11,0
DA:13,0
DA:15,0
LF:6
LH:1
end_of_record
SF:lib/history_provider.dart
DA:9,3
DA:10,3
DA:11,3
DA:12,3
DA:14,1
DA:17,2
DA:18,2
DA:19,4
DA:22,2
DA:23,10
DA:26,1
DA:27,1
DA:28,1
DA:31,3
DA:34,0
DA:36,0
DA:37,0
DA:39,0
DA:42,0
DA:43,0
DA:46,1
DA:47,1
DA:48,1
LF:23
LH:17
end_of_record
SF:lib/download_history_provider.dart
DA:9,2
DA:10,2
DA:11,2
DA:12,2
DA:14,2
DA:15,2
DA:16,4
DA:19,1
DA:20,3
DA:23,1
DA:24,1
DA:25,1
DA:28,2
DA:31,1
DA:32,1
DA:33,2
DA:36,0
DA:37,0
DA:38,0
DA:40,0
DA:43,0
DA:44,0
DA:47,2
DA:48,2
DA:49,4
DA:52,2
DA:53,2
DA:54,2
DA:55,4
DA:56,8
DA:59,1
DA:60,1
DA:61,1
DA:64,2
DA:65,4
LF:35
LH:29
end_of_record
SF:lib/ripper/rippers/eightmuses_ripper.dart
DA:6,1
DA:8,1
DA:11,1
DA:12,2
DA:14,1
DA:16,2
DA:19,1
DA:21,1
DA:22,1
DA:23,2
DA:24,1
DA:25,2
DA:27,1
DA:29,0
DA:30,0
DA:31,1
DA:32,1
DA:33,2
DA:35,2
DA:36,1
DA:44,0
LF:21
LH:18
end_of_record
SF:lib/ripper/rippers/flickr_ripper.dart
DA:5,1
DA:7,1
DA:10,1
DA:11,2
DA:13,1
DA:15,4
DA:18,1
DA:20,1
DA:22,1
DA:23,2
DA:24,2
DA:26,2
DA:27,1
DA:33,0
LF:14
LH:13
end_of_record
SF:lib/ripper/rippers/imagefap_ripper.dart
DA:6,1
DA:8,1
DA:11,1
DA:12,2
DA:14,1
DA:16,1
DA:17,2
DA:19,1
DA:21,0
DA:24,0
DA:26,0
DA:27,0
DA:28,0
DA:29,0
DA:30,0
DA:31,0
DA:32,0
DA:34,0
DA:36,0
DA:44,0
DA:46,0
DA:47,0
DA:48,0
DA:54,1
DA:56,6
DA:58,2
DA:60,2
LF:27
LH:12
end_of_record
SF:lib/ripper/rippers/instagram_ripper.dart
DA:5,1
DA:7,1
DA:10,1
DA:11,2
DA:13,1
DA:15,4
DA:18,1
DA:21,1
DA:22,1
DA:24,2
DA:25,1
DA:30,0
LF:12
LH:11
end_of_record
SF:lib/ripper/rippers/motherless_ripper.dart
DA:6,1
DA:8,1
DA:11,1
DA:12,2
DA:14,1
DA:16,1
DA:17,2
DA:19,1
DA:21,0
DA:24,0
DA:26,0
DA:27,0
DA:28,0
DA:29,0
DA:30,0
DA:32,0
DA:33,0
DA:35,0
DA:42,0
DA:44,0
DA:45,0
DA:46,0
DA:47,0
DA:48,0
DA:54,1
DA:56,1
DA:58,2
DA:60,1
LF:28
LH:12
end_of_record
SF:lib/ripper/rippers/nhentai_ripper.dart
DA:5,1
DA:7,1
DA:10,1
DA:11,2
DA:13,1
DA:15,5
DA:18,1
DA:20,1
DA:21,1
DA:22,2
DA:23,4
DA:27,3
DA:28,1
DA:34,0
LF:14
LH:13
end_of_record
SF:lib/ripper/rippers/tumblr_ripper.dart
DA:7,1
DA:9,1
DA:12,1
DA:13,2
DA:15,1
DA:17,3
DA:20,0
DA:22,0
DA:27,0
DA:29,0
DA:30,0
DA:32,0
DA:33,0
DA:35,0
DA:36,0
DA:37,0
DA:38,0
DA:39,0
DA:40,0
DA:41,0
DA:42,0
DA:43,0
DA:48,0
LF:23
LH:6
end_of_record
SF:lib/ripper/rippers/twitter_ripper.dart
DA:5,1
DA:7,1
DA:10,1
DA:11,4
DA:13,1
DA:15,2
DA:18,0
DA:22,0
DA:24,0
DA:27,0
LF:10
LH:6
end_of_record
SF:lib/update_checker.dart
DA:10,1
DA:26,1
DA:36,1
DA:37,2
DA:38,3
DA:40,2
DA:41,2
DA:42,1
DA:46,1
DA:51,1
DA:52,1
DA:54,1
DA:55,2
DA:56,2
DA:60,1
DA:61,1
DA:62,1
DA:64,5
DA:66,2
DA:67,3
DA:68,3
DA:69,1
DA:70,1
DA:75,1
DA:76,3
DA:78,2
DA:79,1
DA:80,3
DA:81,1
DA:84,2
DA:86,0
DA:87,0
DA:94,0
DA:95,0
DA:96,0
DA:100,0
DA:101,0
LF:37
LH:30
end_of_record
SF:lib/main.dart
DA:19,0
DA:20,0
DA:21,0
DA:22,0
DA:23,0
DA:24,0
DA:31,1
DA:33,1
DA:35,1
DA:36,3
DA:45,1
DA:46,1
DA:50,1
DA:51,1
DA:61,1
DA:63,1
DA:64,1
DA:74,1
DA:76,1
DA:77,2
DA:78,2
DA:80,0
DA:84,1
DA:86,2
DA:87,2
DA:88,2
DA:89,1
DA:92,1
DA:94,1
DA:95,1
DA:97,1
DA:98,1
DA:99,2
DA:100,2
DA:102,1
DA:103,1
DA:104,1
DA:106,1
DA:107,1
DA:108,1
DA:109,1
DA:110,1
DA:111,1
DA:112,1
DA:115,0
DA:116,0
DA:117,0
DA:118,0
DA:124,1
DA:125,0
DA:126,0
DA:127,0
DA:128,0
DA:132,2
DA:135,1
DA:137,1
DA:139,1
DA:144,1
DA:145,1
DA:146,1
DA:147,1
DA:148,1
DA:149,1
DA:150,2
DA:151,1
DA:152,1
DA:153,2
DA:163,0
DA:164,0
DA:165,0
DA:166,0
DA:169,0
DA:170,0
DA:171,0
DA:172,0
DA:173,0
DA:174,0
DA:175,0
DA:176,0
DA:177,0
DA:178,0
DA:179,0
DA:186,1
DA:188,1
DA:190,1
DA:191,1
DA:192,3
DA:193,1
DA:195,1
DA:198,1
DA:199,1
DA:200,1
DA:201,4
DA:202,1
DA:203,1
DA:204,3
DA:205,1
DA:206,1
DA:207,3
DA:208,1
DA:209,1
DA:210,3
DA:211,1
DA:212,1
DA:213,3
DA:225,1
DA:227,1
DA:229,1
DA:231,4
DA:239,1
DA:241,1
DA:243,1
DA:244,1
DA:245,1
DA:246,1
DA:247,2
DA:248,2
DA:249,2
DA:250,2
DA:255,1
DA:262,1
DA:264,1
DA:266,3
DA:274,1
DA:276,1
DA:277,1
DA:283,1
DA:285,1
DA:286,2
DA:287,1
DA:288,2
DA:289,0
DA:290,0
DA:291,0
DA:292,0
DA:294,1
DA:295,1
DA:296,1
DA:298,1
DA:302,1
DA:303,1
DA:305,1
DA:306,1
DA:308,1
DA:312,0
DA:315,1
DA:316,1
DA:318,0
DA:319,0
DA:321,0
DA:322,0
DA:326,2
DA:328,1
DA:330,3
DA:332,2
DA:337,1
DA:338,1
DA:339,1
DA:340,0
DA:341,0
DA:342,0
DA:344,0
DA:345,0
DA:346,0
DA:349,0
DA:350,0
DA:351,0
DA:352,0
DA:355,0
DA:356,0
DA:357,0
DA:368,0
DA:370,0
DA:371,0
DA:373,0
DA:374,0
DA:376,0
DA:377,0
DA:379,0
DA:381,0
DA:383,0
DA:392,1
DA:395,0
DA:397,0
DA:398,0
DA:399,0
DA:400,0
DA:402,0
DA:404,0
DA:408,0
DA:409,0
DA:411,0
DA:413,0
DA:415,0
DA:416,0
DA:418,0
DA:420,0
DA:422,0
DA:424,0
DA:430,0
DA:431,0
DA:432,0
DA:433,0
DA:434,0
DA:435,0
DA:436,0
DA:437,0
DA:438,0
DA:440,0
DA:441,0
DA:442,0
DA:443,0
DA:445,0
DA:446,0
DA:448,0
DA:449,0
DA:451,0
DA:452,0
DA:456,0
DA:457,0
DA:458,0
DA:459,0
DA:460,0
DA:461,0
DA:462,0
DA:467,0
DA:469,0
DA:471,0
DA:472,0
DA:473,0
DA:474,0
DA:477,0
DA:478,0
DA:488,0
DA:489,0
DA:491,0
DA:493,0
DA:496,0
DA:497,0
DA:499,0
DA:500,0
DA:501,0
DA:505,0
DA:506,0
DA:507,0
DA:509,0
DA:515,0
DA:516,0
DA:519,0
DA:520,0
DA:521,0
DA:523,0
DA:524,0
DA:525,0
DA:529,0
DA:530,0
DA:531,0
DA:533,0
DA:543,1
DA:545,0
DA:547,0
DA:548,0
DA:549,0
DA:550,0
DA:552,0
DA:554,0
DA:555,0
DA:557,0
DA:561,0
DA:562,0
DA:563,0
DA:564,0
DA:565,0
DA:566,0
DA:567,0
DA:568,0
DA:569,0
DA:571,0
DA:572,0
DA:574,0
DA:575,0
DA:577,0
DA:578,0
DA:580,0
DA:581,0
DA:585,0
DA:586,0
DA:587,0
DA:589,0
DA:590,0
DA:592,0
DA:594,0
DA:595,0
DA:597,0
DA:599,0
DA:613,1
DA:615,1
DA:616,1
DA:623,1
DA:625,1
DA:626,1
DA:628,1
DA:629,1
DA:630,1
DA:631,1
DA:632,1
DA:633,2
DA:634,2
DA:635,1
DA:637,0
DA:638,0
DA:639,0
DA:640,0
DA:641,0
DA:642,0
DA:647,0
DA:649,0
DA:651,0
DA:655,1
DA:656,1
DA:660,1
DA:662,1
DA:663,1
DA:667,1
DA:669,1
DA:670,1
DA:674,1
DA:676,1
DA:677,1
DA:681,1
DA:686,1
DA:687,1
DA:688,1
DA:689,1
DA:690,1
DA:696,1
DA:698,1
DA:699,1
DA:705,1
DA:707,1
DA:708,1
DA:714,1
DA:716,1
DA:717,1
DA:723,1
DA:725,1
DA:726,1
DA:732,1
DA:734,1
DA:735,1
DA:741,1
DA:743,1
DA:744,1
DA:748,1
DA:750,1
DA:751,1
DA:755,1
DA:756,1
DA:761,1
DA:762,1
DA:763,1
DA:764,1
DA:765,1
DA:769,1
DA:771,1
DA:772,1
DA:776,1
DA:777,1
DA:779,1
DA:780,1
DA:786,1
DA:788,1
DA:789,1
DA:793,1
DA:794,1
DA:796,1
DA:797,1
DA:801,1
DA:802,1
DA:804,1
DA:805,1
DA:809,1
DA:810,1
DA:812,1
DA:813,1
DA:817,1
DA:818,1
DA:820,1
DA:821,1
DA:825,1
DA:826,1
DA:831,1
DA:832,1
DA:833,1
DA:834,1
DA:835,1
DA:840,1
DA:841,1
DA:843,1
DA:844,1
DA:850,1
DA:852,1
DA:853,1
DA:857,1
DA:859,1
DA:860,1
DA:864,1
DA:866,1
DA:867,1
DA:872,1
DA:873,1
DA:875,1
DA:876,1
DA:880,1
DA:881,1
DA:883,1
DA:884,1
DA:888,1
DA:889,1
DA:894,1
DA:895,1
DA:896,1
DA:897,1
DA:898,1
DA:902,1
DA:904,1
DA:905,1
DA:911,1
DA:913,1
DA:915,2
DA:916,0
DA:917,0
DA:918,0
DA:919,0
DA:920,0
DA:921,0
DA:926,1
DA:928,2
DA:929,0
DA:931,1
DA:933,2
DA:934,0
DA:939,1
DA:940,1
DA:941,1
DA:942,1
DA:943,1
DA:947,1
DA:949,1
DA:950,1
DA:956,1
DA:958,1
DA:959,1
DA:965,1
DA:967,1
DA:968,1
DA:972,1
DA:977,1
DA:978,1
DA:979,1
DA:980,1
DA:982,2
DA:985,1
DA:987,2
DA:988,2
DA:992,1
DA:994,2
DA:995,2
DA:996,1
DA:1003,1
DA:1005,1
DA:1006,0
DA:1008,0
DA:1009,0
DA:1010,0
DA:1011,0
DA:1015,1
DA:1016,1
DA:1020,1
DA:1022,1
DA:1023,1
DA:1027,1
DA:1035,0
DA:1036,0
DA:1039,1
DA:1040,1
DA:1041,1
DA:1043,0
DA:1044,0
DA:1045,0
DA:1048,0
DA:1049,0
DA:1051,0
DA:1052,0
DA:1053,0
DA:1054,0
DA:1055,0
DA:1056,0
DA:1059,0
DA:1060,0
DA:1061,0
DA:1063,0
DA:1067,0
DA:1068,0
DA:1073,0
DA:1074,0
DA:1076,0
DA:1078,0
DA:1081,0
DA:1082,0
DA:1083,0
DA:1084,0
DA:1085,0
DA:1086,0
DA:1090,0
DA:1091,0
DA:1092,0
DA:1093,0
DA:1094,0
DA:1100,0
DA:1101,0
DA:1104,0
DA:1105,0
DA:1107,0
DA:1108,0
DA:1109,0
DA:1110,0
DA:1111,0
DA:1115,0
DA:1116,0
DA:1117,0
DA:1118,0
DA:1119,0
DA:1130,1
DA:1132,1
DA:1134,1
DA:1135,1
DA:1137,1
DA:1138,1
DA:1140,5
DA:1142,1
DA:1156,1
DA:1164,1
DA:1166,1
DA:1167,2
DA:1168,2
DA:1169,3
DA:1170,0
DA:1171,0
DA:1172,0
DA:1187,1
DA:1197,1
DA:1199,3
DA:1200,1
DA:1201,2
DA:1202,2
DA:1203,2
DA:1205,0
DA:1209,0
DA:1210,0
DA:1211,0
DA:1212,0
DA:1214,0
DA:1215,0
DA:1216,0
DA:1217,0
DA:1221,0
DA:1222,0
DA:1225,0
DA:1226,0
DA:1227,0
DA:1228,0
DA:1230,0
DA:1231,0
DA:1232,0
DA:1234,0
DA:1236,0
DA:1244,0
DA:1245,0
DA:1258,1
DA:1267,1
DA:1269,1
DA:1270,3
DA:1271,1
DA:1272,2
DA:1273,2
DA:1274,3
DA:1276,0
DA:1280,0
DA:1281,0
DA:1282,0
DA:1283,0
DA:1285,0
DA:1286,0
DA:1287,0
DA:1288,0
DA:1291,0
DA:1293,0
DA:1294,0
DA:1295,0
DA:1296,0
DA:1298,0
DA:1299,0
DA:1300,0
DA:1302,0
DA:1310,0
DA:1311,0
LF:607
LH:318
end_of_record
